[2025-10-14T21:05:55+00:00] Autoservis.WARNING: Route not found {"method":"GET","uri":"/favicon.ico"} {"url":"/favicon.ico","ip":"::1","http_method":"GET","server":"localhost","referrer":"http://localhost:8080/","uid":"d2d0355"}
[2025-10-14T21:06:06+00:00] Autoservis.WARNING: Route not found {"method":"GET","uri":"/halth"} {"url":"/halth","ip":"::1","http_method":"GET","server":"localhost","referrer":null,"uid":"ceb8e84"}
[2025-10-14T21:06:15+00:00] Autoservis.ERROR: Unhandled exception {"error":"Unable to find template \"login.twig\" (looked into: /home/miki/developement/project_web/autoservis/src/Views).","trace":"#0 /home/miki/developement/project_web/autoservis/vendor/twig/twig/src/Loader/FilesystemLoader.php(138): Twig\\Loader\\FilesystemLoader->findTemplate()
#1 /home/miki/developement/project_web/autoservis/vendor/twig/twig/src/Environment.php(317): Twig\\Loader\\FilesystemLoader->getCacheKey()
#2 /home/miki/developement/project_web/autoservis/vendor/twig/twig/src/Environment.php(370): Twig\\Environment->getTemplateClass()
#3 /home/miki/developement/project_web/autoservis/vendor/twig/twig/src/Environment.php(333): Twig\\Environment->load()
#4 /home/miki/developement/project_web/autoservis/src/Controllers/AuthController.php(28): Twig\\Environment->render()
#5 /home/miki/developement/project_web/autoservis/public/index.php(41): Miki\\Autoservis\\Controllers\\AuthController->showLogin()
#6 {main}"} {"url":"/login?next=/","ip":"::1","http_method":"GET","server":"localhost","referrer":"http://localhost:8080/","uid":"cd44167"}
[2025-10-14T21:13:36+00:00] Autoservis.WARNING: User login failed {"email":"zmiroljub.zivkovic@gmail.com"} {"url":"/login","ip":"::1","http_method":"POST","server":"localhost","referrer":"http://localhost:8080/login?next=/","uid":"5d76e9c"}
[2025-10-14T21:13:51+00:00] Autoservis.WARNING: Route not found {"method":"GET","uri":"/favicon.ico"} {"url":"/favicon.ico","ip":"::1","http_method":"GET","server":"localhost","referrer":"http://localhost:8080/","uid":"ffe1992"}
[2025-10-14T21:13:57+00:00] Autoservis.INFO: User manager@example.com successfully logged in {"user_id":1} {"url":"/login","ip":"::1","http_method":"POST","server":"localhost","referrer":"http://localhost:8080/login?next=/","uid":"d5d0fa1"}
[2025-10-14T21:14:07+00:00] Autoservis.INFO: User signed out {"email":"manager@example.com","user_id":1} {"url":"/logout","ip":"::1","http_method":"POST","server":"localhost","referrer":"http://localhost:8080/","uid":"192f10d"}
[2025-10-14T21:14:13+00:00] Autoservis.INFO: User drzgana@gmail.com successfully logged in {"user_id":6} {"url":"/login","ip":"::1","http_method":"POST","server":"localhost","referrer":"http://localhost:8080/login","uid":"a4888ed"}
[2025-10-14T21:16:20+00:00] Autoservis.INFO: User signed out {"email":"drzgana@gmail.com","user_id":6} {"url":"/logout","ip":"::1","http_method":"POST","server":"localhost","referrer":"http://localhost:8080/","uid":"66a099d"}
[2025-10-14T21:21:09+00:00] Autoservis.INFO: User drzgana@gmail.com successfully logged in {"user_id":6} {"url":"/login","ip":"::1","http_method":"POST","server":"localhost","referrer":"http://localhost:8080/login?next=/","uid":"e23c3f3"}
[2025-10-14T21:21:35+00:00] Autoservis.INFO: User signed out {"email":"drzgana@gmail.com","user_id":6} {"url":"/logout","ip":"::1","http_method":"POST","server":"localhost","referrer":"http://localhost:8080/","uid":"1f5cd5e"}
[2025-10-14T21:33:08+00:00] Autoservis.WARNING: Route not found {"method":"GET","uri":"/admin"} {"url":"/admin","ip":"::1","http_method":"GET","server":"localhost","referrer":null,"uid":"425e339"}
[2025-10-14T21:33:40+00:00] Autoservis.WARNING: User login failed {"email":"admin@example.com"} {"url":"/login","ip":"::1","http_method":"POST","server":"localhost","referrer":"http://localhost:8080/login","uid":"ac8a5d6"}
[2025-10-14T21:38:42+00:00] Autoservis.WARNING: User login failed {"email":"admin@example.com"} {"url":"/login","ip":"::1","http_method":"POST","server":"localhost","referrer":"http://localhost:8080/login?next=/","uid":"75f238e"}
[2025-10-14T21:40:00+00:00] Autoservis.INFO: User admin@example.com successfully logged in {"user_id":7} {"url":"/login","ip":"::1","http_method":"POST","server":"localhost","referrer":"http://localhost:8080/login?next=/","uid":"00dbafe"}
[2025-10-14T21:41:25+00:00] Autoservis.INFO: Inquiry created {"inquiry_id":0,"preferred_mechanic_id":null} {"url":"/admin/reports/inquiries.xlsx","ip":"::1","http_method":"GET","server":"localhost","referrer":"http://localhost:8080/admin/reports","uid":"bfa7194"}
[2025-10-14T21:43:20+00:00] Autoservis.INFO: User signed out {"email":"admin@example.com","user_id":7} {"url":"/logout","ip":"::1","http_method":"POST","server":"localhost","referrer":"http://localhost:8080/","uid":"5fbc9ce"}
[2025-10-14T21:44:50+00:00] Autoservis.INFO: User drzgana@gmail.com successfully logged in {"user_id":6} {"url":"/login","ip":"::1","http_method":"POST","server":"localhost","referrer":"http://localhost:8080/login?next=/","uid":"94930eb"}
[2025-10-14T21:45:29+00:00] Autoservis.INFO: Inquiry created {"inquiry_id":2,"preferred_mechanic_id":3} {"url":"/inquiry","ip":"::1","http_method":"POST","server":"localhost","referrer":"http://localhost:8080/","uid":"3e55799"}
[2025-10-14T21:45:35+00:00] Autoservis.INFO: User signed out {"email":"drzgana@gmail.com","user_id":6} {"url":"/logout","ip":"::1","http_method":"POST","server":"localhost","referrer":"http://localhost:8080/?ok=Hvala%20na%20upitu!%20Javi%C4%87emo%20Vam%20se%20uskoro.","uid":"bbeda8d"}
[2025-10-14T21:45:42+00:00] Autoservis.INFO: User manager@example.com successfully logged in {"user_id":1} {"url":"/login","ip":"::1","http_method":"POST","server":"localhost","referrer":"http://localhost:8080/login","uid":"25a4bd4"}
[2025-10-14T21:46:14+00:00] Autoservis.INFO: Inquiry created {"inquiry_id":3,"preferred_mechanic_id":3} {"url":"/inquiry","ip":"::1","http_method":"POST","server":"localhost","referrer":"http://localhost:8080/","uid":"160aec7"}
[2025-10-14T21:46:41+00:00] Autoservis.INFO: Inquiry converted to appointment {"inquiry_id":3,"appointment_id":2,"mechanic_id":3,"date":"2025-10-14","slot":1} {"url":"/manager/convert","ip":"::1","http_method":"POST","server":"localhost","referrer":"http://localhost:8080/manager/convert?id=3","uid":"6d20925"}
[2025-10-14T21:46:46+00:00] Autoservis.INFO: User signed out {"email":"manager@example.com","user_id":1} {"url":"/logout","ip":"::1","http_method":"POST","server":"localhost","referrer":"http://localhost:8080/","uid":"ce69a69"}
[2025-10-14T21:47:03+00:00] Autoservis.INFO: User admin@example.com successfully logged in {"user_id":7} {"url":"/login","ip":"::1","http_method":"POST","server":"localhost","referrer":"http://localhost:8080/login","uid":"f85a29f"}
[2025-10-14T21:47:13+00:00] Autoservis.INFO: Inquiry created {"inquiry_id":0,"preferred_mechanic_id":null} {"url":"/admin/reports/inquiries.xlsx","ip":"::1","http_method":"GET","server":"localhost","referrer":"http://localhost:8080/admin/reports","uid":"815cde0"}
[2025-10-14T21:47:59+00:00] Autoservis.INFO: User signed out {"email":"admin@example.com","user_id":7} {"url":"/logout","ip":"::1","http_method":"POST","server":"localhost","referrer":"http://localhost:8080/","uid":"7d0f9a9"}
