[2025-10-15T18:55:21+00:00] Autoservis.WARNING: Route not found {"method":"GET","uri":"/favicon.ico"} {"url":"/favicon.ico","ip":"::1","http_method":"GET","server":"localhost","referrer":"http://localhost:8080/","uid":"d6618f5"}
[2025-10-15T18:57:03+00:00] Autoservis.INFO: User admin@example.com successfully logged in {"user_id":7} {"url":"/login","ip":"::1","http_method":"POST","server":"localhost","referrer":"http://localhost:8080/login?next=/","uid":"0504f9e"}
[2025-10-15T18:57:34+00:00] Autoservis.INFO: User signed out {"email":"admin@example.com","user_id":7} {"url":"/logout","ip":"::1","http_method":"POST","server":"localhost","referrer":"http://localhost:8080/","uid":"96cbf7a"}
[2025-10-15T19:00:53+00:00] Autoservis.WARNING: Route not found {"method":"GET","uri":"/favicon.ico"} {"url":"/favicon.ico","ip":"::1","http_method":"GET","server":"localhost","referrer":"http://localhost:8080/","uid":"ac38abd"}
[2025-10-15T19:02:59+00:00] Autoservis.INFO: User drzgana@gmail.com successfully logged in {"user_id":6} {"url":"/login","ip":"::1","http_method":"POST","server":"localhost","referrer":"http://localhost:8080/login?next=/","uid":"b06eca8"}
[2025-10-15T19:03:40+00:00] Autoservis.INFO: Inquiry created {"inquiry_id":4,"preferred_mechanic_id":2} {"url":"/inquiry","ip":"::1","http_method":"POST","server":"localhost","referrer":"http://localhost:8080/","uid":"c49162f"}
[2025-10-15T19:03:55+00:00] Autoservis.INFO: User signed out {"email":"drzgana@gmail.com","user_id":6} {"url":"/logout","ip":"::1","http_method":"POST","server":"localhost","referrer":"http://localhost:8080/?","uid":"a365a5e"}
[2025-10-15T19:04:16+00:00] Autoservis.INFO: User manager@example.com successfully logged in {"user_id":1} {"url":"/login","ip":"::1","http_method":"POST","server":"localhost","referrer":"http://localhost:8080/login","uid":"c23209e"}
[2025-10-15T19:05:06+00:00] Autoservis.INFO: Inquiry converted to appointment {"inquiry_id":2,"appointment_id":3,"mechanic_id":3,"date":"2025-10-15","slot":1} {"url":"/manager/convert","ip":"::1","http_method":"POST","server":"localhost","referrer":"http://localhost:8080/manager/convert?id=2","uid":"1790b0a"}
[2025-10-15T19:05:09+00:00] Autoservis.INFO: Inquiry converted to appointment {"inquiry_id":4,"appointment_id":4,"mechanic_id":2,"date":"2025-10-15","slot":1} {"url":"/manager/convert","ip":"::1","http_method":"POST","server":"localhost","referrer":"http://localhost:8080/manager/convert?id=4","uid":"4264460"}
[2025-10-15T19:05:14+00:00] Autoservis.INFO: User signed out {"email":"manager@example.com","user_id":1} {"url":"/logout","ip":"::1","http_method":"POST","server":"localhost","referrer":"http://localhost:8080/","uid":"884ed11"}
[2025-10-15T19:06:33+00:00] Autoservis.INFO: User zmiroljub@msn.com successfully logged in {"user_id":8} {"url":"/login","ip":"::1","http_method":"POST","server":"localhost","referrer":"http://localhost:8080/login?success=Registracija%20uspe%C5%A1na%2C%20prijavite%20se.","uid":"31d5ff3"}
[2025-10-15T19:07:17+00:00] Autoservis.INFO: Inquiry created {"inquiry_id":5,"preferred_mechanic_id":3} {"url":"/inquiry","ip":"::1","http_method":"POST","server":"localhost","referrer":"http://localhost:8080/","uid":"c784004"}
[2025-10-15T19:07:22+00:00] Autoservis.INFO: User signed out {"email":"zmiroljub@msn.com","user_id":8} {"url":"/logout","ip":"::1","http_method":"POST","server":"localhost","referrer":"http://localhost:8080/?ok=Hvala%20na%20upitu!%20Javi%C4%87emo%20Vam%20se%20uskoro.","uid":"c90620f"}
[2025-10-15T19:07:30+00:00] Autoservis.INFO: User manager@example.com successfully logged in {"user_id":1} {"url":"/login","ip":"::1","http_method":"POST","server":"localhost","referrer":"http://localhost:8080/login","uid":"9900f47"}
[2025-10-15T19:11:37+00:00] Autoservis.INFO: User signed out {"email":"manager@example.com","user_id":1} {"url":"/logout","ip":"::1","http_method":"POST","server":"localhost","referrer":"http://localhost:8080/","uid":"f3052b7"}
[2025-10-15T19:18:53+00:00] Autoservis.INFO: User manager@example.com successfully logged in {"user_id":1} {"url":"/login","ip":"::1","http_method":"POST","server":"localhost","referrer":"http://localhost:8080/login?next=/","uid":"debbd1d"}
[2025-10-15T19:19:10+00:00] Autoservis.INFO: User signed out {"email":"manager@example.com","user_id":1} {"url":"/logout","ip":"::1","http_method":"POST","server":"localhost","referrer":"http://localhost:8080/","uid":"227affe"}
[2025-10-15T19:19:17+00:00] Autoservis.INFO: User admin@example.com successfully logged in {"user_id":7} {"url":"/login","ip":"::1","http_method":"POST","server":"localhost","referrer":"http://localhost:8080/login?next=/","uid":"92444da"}
[2025-10-15T19:24:56+00:00] Autoservis.INFO: User signed out {"email":"admin@example.com","user_id":7} {"url":"/logout","ip":"::1","http_method":"POST","server":"localhost","referrer":"http://localhost:8080/","uid":"f0805d3"}
[2025-10-15T19:25:26+00:00] Autoservis.INFO: User zmiroljub@msn.com successfully logged in {"user_id":8} {"url":"/login","ip":"::1","http_method":"POST","server":"localhost","referrer":"http://localhost:8080/login?next=/","uid":"9582e21"}
[2025-10-15T19:26:28+00:00] Autoservis.INFO: Inquiry created {"inquiry_id":6,"preferred_mechanic_id":2} {"url":"/inquiry","ip":"::1","http_method":"POST","server":"localhost","referrer":"http://localhost:8080/","uid":"f8e6779"}
[2025-10-15T19:26:34+00:00] Autoservis.INFO: User signed out {"email":"zmiroljub@msn.com","user_id":8} {"url":"/logout","ip":"::1","http_method":"POST","server":"localhost","referrer":"http://localhost:8080/?ok=Hvala%20na%20upitu!%20Javi%C4%87emo%20Vam%20se%20uskoro.","uid":"e899ffb"}
[2025-10-15T19:26:50+00:00] Autoservis.INFO: User manager@example.com successfully logged in {"user_id":1} {"url":"/login","ip":"::1","http_method":"POST","server":"localhost","referrer":"http://localhost:8080/login?next=/","uid":"b25d97c"}
[2025-10-15T19:27:17+00:00] Autoservis.INFO: Inquiry converted to appointment {"inquiry_id":5,"appointment_id":5,"mechanic_id":3,"date":"2025-10-15","slot":2} {"url":"/manager/convert","ip":"::1","http_method":"POST","server":"localhost","referrer":"http://localhost:8080/manager/convert?id=5","uid":"fd805a1"}
[2025-10-15T19:27:22+00:00] Autoservis.INFO: Inquiry converted to appointment {"inquiry_id":6,"appointment_id":6,"mechanic_id":2,"date":"2025-10-15","slot":2} {"url":"/manager/convert","ip":"::1","http_method":"POST","server":"localhost","referrer":"http://localhost:8080/manager/convert?id=6","uid":"2029704"}
[2025-10-15T19:27:33+00:00] Autoservis.INFO: User signed out {"email":"manager@example.com","user_id":1} {"url":"/logout","ip":"::1","http_method":"POST","server":"localhost","referrer":"http://localhost:8080/","uid":"fdb68a0"}
[2025-10-15T19:27:42+00:00] Autoservis.INFO: User admin@example.com successfully logged in {"user_id":7} {"url":"/login","ip":"::1","http_method":"POST","server":"localhost","referrer":"http://localhost:8080/login?next=/","uid":"a3b3323"}
[2025-10-15T19:28:13+00:00] Autoservis.INFO: User signed out {"email":"admin@example.com","user_id":7} {"url":"/logout","ip":"::1","http_method":"POST","server":"localhost","referrer":"http://localhost:8080/","uid":"5612961"}
