[2025-10-07T21:20:18.288758+00:00] app.INFO: Guest home visited [] []
[2025-10-07T21:21:17.238371+00:00] app.INFO: Guest home visited [] []
[2025-10-07T21:22:01.982704+00:00] app.INFO: Guest home visited [] []
[2025-10-08T20:07:51.994935+00:00] app.INFO: Guest home visited [] []
[2025-10-08T20:07:52.368723+00:00] app.ERROR: Unhandled exception {"error":"Value of type null is not callable","trace":"#0 {main}"} []
[2025-10-08T20:09:54.642575+00:00] app.INFO: Guest home visited [] []
[2025-10-08T20:09:54.967202+00:00] app.WARNING: Route not found {"method":"GET","uri":"/favicon.ico"} []
[2025-10-08T20:10:06.749066+00:00] app.INFO: Guest home visited [] []
[2025-10-08T20:13:22.339323+00:00] app.INFO: Guest home visited [] []
[2025-10-08T20:19:07.519616+00:00] app.INFO: Guest home visited [] []
[2025-10-08T20:20:48.428307+00:00] app.INFO: Guest home visited [] []
[2025-10-08T20:23:40.997166+00:00] app.INFO: Guest home visited [] []
[2025-10-08T20:24:39.778825+00:00] app.INFO: Guest home visited [] []
[2025-10-08T20:25:34.067255+00:00] app.INFO: Guest home visited [] []
[2025-10-08T21:03:14.539888+00:00] app.INFO: Guest home visited [] []
[2025-10-08T21:03:26.732462+00:00] app.INFO: Guest home visited [] []
[2025-10-08T21:03:29.105889+00:00] app.INFO: Guest home visited [] []
[2025-10-08T21:03:46.251950+00:00] app.INFO: Guest home visited [] []
[2025-10-08T21:04:32.788583+00:00] app.INFO: Guest home visited [] []
[2025-10-08T21:06:59.159678+00:00] app.INFO: Guest home visited [] []
[2025-10-08T21:07:00.291453+00:00] app.INFO: Guest home visited [] []
[2025-10-08T21:07:01.367999+00:00] app.INFO: Guest home visited [] []
[2025-10-08T21:07:01.569798+00:00] app.INFO: Guest home visited [] []
[2025-10-08T21:09:17.913302+00:00] app.INFO: Guest home visited [] []
[2025-10-08T21:11:51.033194+00:00] app.INFO: Guest home visited [] []
[2025-10-08T21:21:54.195697+00:00] app.WARNING: Route not found {"method":"GET","uri":"/manager/inquieries"} []
[2025-10-08T21:22:33.833837+00:00] app.INFO: Guest home visited [] []
[2025-10-08T21:25:35.595964+00:00] app.WARNING: Route not found {"method":"GET","uri":"/logaout"} []
[2025-10-08T21:25:47.409222+00:00] app.WARNING: Route not found {"method":"GET","uri":"/logout"} []
[2025-10-08T21:25:57.673284+00:00] app.WARNING: Route not found {"method":"GET","uri":"/logout"} []
[2025-10-08T21:28:09.737551+00:00] app.WARNING: Route not found {"method":"GET","uri":"/logout"} []
[2025-10-08T21:28:10.775976+00:00] app.WARNING: Route not found {"method":"GET","uri":"/logaout"} []
[2025-10-08T21:28:13.557088+00:00] app.INFO: Guest home visited [] []
[2025-10-08T21:28:14.757447+00:00] app.INFO: Guest home visited [] []
[2025-10-08T21:28:14.954489+00:00] app.INFO: Guest home visited [] []
[2025-10-08T21:28:15.193656+00:00] app.INFO: Guest home visited [] []
[2025-10-08T21:28:15.395637+00:00] app.INFO: Guest home visited [] []
[2025-10-08T21:29:32.282739+00:00] app.INFO: Guest home visited [] []
[2025-10-08T21:29:37.016770+00:00] app.INFO: Guest home visited [] []
[2025-10-08T21:30:10.202269+00:00] app.INFO: Guest home visited [] []
[2025-10-08T21:30:11.164011+00:00] app.INFO: Guest home visited [] []
[2025-10-08T21:33:50.431776+00:00] app.INFO: Guest home visited [] []
[2025-10-08T21:59:40.902236+00:00] app.INFO: Guest home visited [] []
[2025-10-08T21:59:45.314294+00:00] app.INFO: Guest home visited [] []
[2025-10-13T19:42:33.716163+00:00] app.INFO: Guest home visited [] []
[2025-10-13T19:42:34.110166+00:00] app.WARNING: Route not found {"method":"GET","uri":"/favicon.ico"} []
[2025-10-13T19:43:31.491109+00:00] app.INFO: Guest home visited [] []
[2025-10-13T19:44:00.656460+00:00] app.INFO: Guest home visited [] []
[2025-10-13T19:44:05.637270+00:00] app.INFO: Guest home visited [] []
[2025-10-13T19:47:22.013421+00:00] app.INFO: Guest home visited [] []
[2025-10-13T19:52:11.548188+00:00] app.INFO: Guest home visited [] []
[2025-10-13T19:53:44.971741+00:00] app.INFO: Guest home visited [] []
[2025-10-13T19:54:59.537077+00:00] app.INFO: Guest home visited [] []
[2025-10-13T20:00:52.340532+00:00] app.INFO: Guest home visited [] []
[2025-10-13T20:00:53.684117+00:00] app.INFO: Guest home visited [] []
[2025-10-13T20:00:56.940761+00:00] app.INFO: Guest home visited [] []
[2025-10-13T20:01:02.466602+00:00] app.INFO: Guest home visited [] []
[2025-10-13T20:01:03.408051+00:00] app.INFO: Guest home visited [] []
[2025-10-13T20:01:03.585845+00:00] app.INFO: Guest home visited [] []
[2025-10-13T20:01:15.333272+00:00] app.INFO: Guest home visited [] []
[2025-10-13T20:02:22.817957+00:00] app.INFO: Guest home visited [] []
